<?xml version="1.0" encoding="UTF-8"?>
<robot generator="Robot 4.1.2 (Python 3.7.0 on win32)" generated="20211025 17:30:38.306" rpa="false" schemaversion="2">
<suite id="s1" name="Tests" source="C:\Users\User\Desktop\Prime Control\Prime Hero Academy_Turma 2\Modulo_2\PRIMEEXPERTS_18_10_21\prime_experts_18_10_21\tests">
<suite id="s1-s1" name="Exercicio Variavel" source="C:\Users\User\Desktop\Prime Control\Prime Hero Academy_Turma 2\Modulo_2\PRIMEEXPERTS_18_10_21\prime_experts_18_10_21\tests\exercicio_variavel.robot">
<test id="s1-s1-t1" name="Imprimir dicionario em linhas separadas">
<kw name="receba dicionario para impressao" library="resource">
<msg timestamp="20211025 17:30:38.388" level="TRACE">Arguments: [  ]</msg>
<kw name="Log To Console" library="BuiltIn">
<arg>\nImprimindo o dicionario pessoa: \n${Pessoa}\n</arg>
<doc>Logs the given message to the console.</doc>
<msg timestamp="20211025 17:30:38.389" level="TRACE">Arguments: [ '\nImprimindo o dicionario pessoa: \n{\'nome\': "\'Rauni\'", \'sobrenome\': "\'Fabricio\'", \'idade\': "\'31\'", \'cidade\': "\'Itu\'", \'cep\': \'13300000\'}\n' ]</msg>
<msg timestamp="20211025 17:30:38.390" level="TRACE">Return: None</msg>
<status status="PASS" starttime="20211025 17:30:38.388" endtime="20211025 17:30:38.390"/>
</kw>
<kw name="Log To Console" library="BuiltIn">
<arg>pegando o nome: ${Pessoa.nome}\n</arg>
<doc>Logs the given message to the console.</doc>
<msg timestamp="20211025 17:30:38.391" level="TRACE">Arguments: [ "pegando o nome: 'Rauni'\n" ]</msg>
<msg timestamp="20211025 17:30:38.392" level="TRACE">Return: None</msg>
<status status="PASS" starttime="20211025 17:30:38.390" endtime="20211025 17:30:38.392"/>
</kw>
<kw name="Log To Console" library="BuiltIn">
<arg>pegando o sobrenome: ${Pessoa.sobrenome}\n</arg>
<doc>Logs the given message to the console.</doc>
<msg timestamp="20211025 17:30:38.393" level="TRACE">Arguments: [ "pegando o sobrenome: 'Fabricio'\n" ]</msg>
<msg timestamp="20211025 17:30:38.393" level="TRACE">Return: None</msg>
<status status="PASS" starttime="20211025 17:30:38.392" endtime="20211025 17:30:38.393"/>
</kw>
<kw name="Log To Console" library="BuiltIn">
<arg>pegando a idade: ${Pessoa.idade}\n</arg>
<doc>Logs the given message to the console.</doc>
<msg timestamp="20211025 17:30:38.394" level="TRACE">Arguments: [ "pegando a idade: '31'\n" ]</msg>
<msg timestamp="20211025 17:30:38.395" level="TRACE">Return: None</msg>
<status status="PASS" starttime="20211025 17:30:38.393" endtime="20211025 17:30:38.395"/>
</kw>
<kw name="Log To Console" library="BuiltIn">
<arg>pegando a cidade: ${Pessoa.cidade}\n</arg>
<doc>Logs the given message to the console.</doc>
<msg timestamp="20211025 17:30:38.395" level="TRACE">Arguments: [ "pegando a cidade: 'Itu'\n" ]</msg>
<msg timestamp="20211025 17:30:38.396" level="TRACE">Return: None</msg>
<status status="PASS" starttime="20211025 17:30:38.395" endtime="20211025 17:30:38.396"/>
</kw>
<kw name="Log To Console" library="BuiltIn">
<arg>pegando o cep: ${Pessoa.cep}\n</arg>
<doc>Logs the given message to the console.</doc>
<msg timestamp="20211025 17:30:38.397" level="TRACE">Arguments: [ 'pegando o cep: 13300000\n' ]</msg>
<msg timestamp="20211025 17:30:38.398" level="TRACE">Return: None</msg>
<status status="PASS" starttime="20211025 17:30:38.396" endtime="20211025 17:30:38.399"/>
</kw>
<msg timestamp="20211025 17:30:38.400" level="TRACE">Return: None</msg>
<status status="PASS" starttime="20211025 17:30:38.387" endtime="20211025 17:30:38.400"/>
</kw>
<doc>ele deve receber uma variavel do tipo dicionario e imprimir os seus valores linha a linha</doc>
<tag>Test_dicionarios</tag>
<tag>variaveis_suite</tag>
<status status="PASS" starttime="20211025 17:30:38.385" endtime="20211025 17:30:38.401"/>
</test>
<status status="PASS" starttime="20211025 17:30:38.360" endtime="20211025 17:30:38.404"/>
</suite>
<status status="PASS" starttime="20211025 17:30:38.311" endtime="20211025 17:30:38.407"/>
</suite>
<statistics>
<total>
<stat pass="1" fail="0" skip="0">All Tests</stat>
</total>
<tag>
<stat pass="1" fail="0" skip="0">Test_dicionarios</stat>
<stat pass="1" fail="0" skip="0">variaveis_suite</stat>
</tag>
<suite>
<stat pass="1" fail="0" skip="0" id="s1" name="Tests">Tests</stat>
<stat pass="1" fail="0" skip="0" id="s1-s1" name="Exercicio Variavel">Tests.Exercicio Variavel</stat>
</suite>
</statistics>
<errors>
</errors>
</robot>
