<?xml version="1.0" encoding="UTF-8"?>
<robot generator="Robot 4.1.2 (Python 3.7.0 on win32)" generated="20211021 23:17:20.000" rpa="false" schemaversion="2">
<suite id="s1" name="Tests" source="C:\Users\User\Desktop\Prime Control\Prime Hero Academy_Turma 2\Modulo_2\PRIMEEXPERTS_18_10_21\prime_experts_18_10_21\tests">
<suite id="s1-s1" name="Exercicio Argumentos" source="C:\Users\User\Desktop\Prime Control\Prime Hero Academy_Turma 2\Modulo_2\PRIMEEXPERTS_18_10_21\prime_experts_18_10_21\tests\exercicio_argumentos.robot">
<test id="s1-s1-t1" name="Criando email personalizado">
<kw name="Criando email personalizado" library="resource">
<var>${retorno}</var>
<arg>Rauni</arg>
<arg>Fabricio</arg>
<arg>31</arg>
<msg timestamp="20211021 23:17:20.067" level="TRACE">Arguments: [ ${nome}='Rauni' | ${sobrenome}='Fabricio' | ${idade}='31' ]</msg>
<kw name="Catenate" library="BuiltIn">
<var>${email_pronto}</var>
<arg>${nome}${sobrenome}${idade}${'base_email'}</arg>
<doc>Catenates the given items together and returns the resulted string.</doc>
<msg timestamp="20211021 23:17:20.068" level="TRACE">Arguments: [ 'RauniFabricio31@robot.com' ]</msg>
<msg timestamp="20211021 23:17:20.068" level="TRACE">Return: 'RauniFabricio31@robot.com'</msg>
<msg timestamp="20211021 23:17:20.068" level="INFO">${email_pronto} = RauniFabricio31@robot.com</msg>
<status status="PASS" starttime="20211021 23:17:20.067" endtime="20211021 23:17:20.068"/>
</kw>
<msg timestamp="20211021 23:17:20.069" level="TRACE">Return: 'RauniFabricio31@robot.com'</msg>
<msg timestamp="20211021 23:17:20.069" level="INFO">${retorno} = RauniFabricio31@robot.com</msg>
<status status="PASS" starttime="20211021 23:17:20.067" endtime="20211021 23:17:20.069"/>
</kw>
<kw name="Log To Console" library="BuiltIn">
<arg>\n${retorno}\n</arg>
<doc>Logs the given message to the console.</doc>
<msg timestamp="20211021 23:17:20.070" level="TRACE">Arguments: [ '\nRauniFabricio31@robot.com\n' ]</msg>
<msg timestamp="20211021 23:17:20.070" level="TRACE">Return: None</msg>
<status status="PASS" starttime="20211021 23:17:20.070" endtime="20211021 23:17:20.071"/>
</kw>
<doc>deve criar um email a partir dos dados fornecidos</doc>
<tag>argumentosBaseEmail</tag>
<status status="PASS" starttime="20211021 23:17:20.065" endtime="20211021 23:17:20.071"/>
</test>
<status status="PASS" starttime="20211021 23:17:20.046" endtime="20211021 23:17:20.073"/>
</suite>
<status status="PASS" starttime="20211021 23:17:20.003" endtime="20211021 23:17:20.076"/>
</suite>
<statistics>
<total>
<stat pass="1" fail="0" skip="0">All Tests</stat>
</total>
<tag>
<stat pass="1" fail="0" skip="0">argumentosBaseEmail</stat>
</tag>
<suite>
<stat pass="1" fail="0" skip="0" id="s1" name="Tests">Tests</stat>
<stat pass="1" fail="0" skip="0" id="s1-s1" name="Exercicio Argumentos">Tests.Exercicio Argumentos</stat>
</suite>
</statistics>
<errors>
</errors>
</robot>
