<?xml version="1.0" encoding="UTF-8"?>
<robot generator="Robot 4.1.2 (Python 3.7.0 on win32)" generated="20211021 18:43:58.551" rpa="false" schemaversion="2">
<suite id="s1" name="Tests" source="C:\Users\User\Desktop\Prime Control\Prime Hero Academy_Turma 2\Modulo_2\PRIMEEXPERTS_18_10_21\prime_experts_18_10_21\tests">
<suite id="s1-s1" name="Exercicio Argumentos" source="C:\Users\User\Desktop\Prime Control\Prime Hero Academy_Turma 2\Modulo_2\PRIMEEXPERTS_18_10_21\prime_experts_18_10_21\tests\exercicio_argumentos.robot">
<test id="s1-s1-t1" name="Criando email personalizado">
<kw name="Criando email personalizado" library="resource">
<var>${retorno}</var>
<arg>Rauni</arg>
<arg>Fabricio</arg>
<arg>31</arg>
<msg timestamp="20211021 18:43:58.611" level="TRACE">Arguments: [ ${nome}='Rauni' | ${sobrenome}='Fabricio' | ${idade}='31' ]</msg>
<kw name="Catenate" library="BuiltIn">
<var>${email_pronto}</var>
<arg>${nome}${sobrenome}${idade}${'base_email'}</arg>
<doc>Catenates the given items together and returns the resulted string.</doc>
<msg timestamp="20211021 18:43:58.612" level="TRACE">Arguments: [ 'RauniFabricio31@robot.com' ]</msg>
<msg timestamp="20211021 18:43:58.612" level="TRACE">Return: 'RauniFabricio31@robot.com'</msg>
<msg timestamp="20211021 18:43:58.612" level="INFO">${email_pronto} = RauniFabricio31@robot.com</msg>
<status status="PASS" starttime="20211021 18:43:58.611" endtime="20211021 18:43:58.612"/>
</kw>
<msg timestamp="20211021 18:43:58.613" level="TRACE">Return: 'RauniFabricio31@robot.com'</msg>
<msg timestamp="20211021 18:43:58.613" level="INFO">${retorno} = RauniFabricio31@robot.com</msg>
<status status="PASS" starttime="20211021 18:43:58.610" endtime="20211021 18:43:58.613"/>
</kw>
<kw name="Log To Console" library="BuiltIn">
<arg>\n${retorno}\n</arg>
<doc>Logs the given message to the console.</doc>
<msg timestamp="20211021 18:43:58.614" level="TRACE">Arguments: [ '\nRauniFabricio31@robot.com\n' ]</msg>
<msg timestamp="20211021 18:43:58.614" level="TRACE">Return: None</msg>
<status status="PASS" starttime="20211021 18:43:58.614" endtime="20211021 18:43:58.615"/>
</kw>
<doc>deve criar um email a partir dos dados fornecidos</doc>
<tag>argumentosBaseEmail</tag>
<status status="PASS" starttime="20211021 18:43:58.610" endtime="20211021 18:43:58.616"/>
</test>
<status status="PASS" starttime="20211021 18:43:58.590" endtime="20211021 18:43:58.619"/>
</suite>
<status status="PASS" starttime="20211021 18:43:58.554" endtime="20211021 18:43:58.622"/>
</suite>
<statistics>
<total>
<stat pass="1" fail="0" skip="0">All Tests</stat>
</total>
<tag>
<stat pass="1" fail="0" skip="0">argumentosBaseEmail</stat>
</tag>
<suite>
<stat pass="1" fail="0" skip="0" id="s1" name="Tests">Tests</stat>
<stat pass="1" fail="0" skip="0" id="s1-s1" name="Exercicio Argumentos">Tests.Exercicio Argumentos</stat>
</suite>
</statistics>
<errors>
<msg timestamp="20211021 18:43:58.531" level="ERROR">Error in file 'C:\Users\User\Desktop\Prime Control\Prime Hero Academy_Turma 2\Modulo_2\PRIMEEXPERTS_18_10_21\prime_experts_18_10_21\tests\exercicio_for.robot' on line 1: Unrecognized section header '***'. Valid sections: 'Settings', 'Variables', 'Test Cases', 'Tasks', 'Keywords' and 'Comments'.</msg>
<msg timestamp="20211021 18:43:58.533" level="ERROR">Error in file 'C:\Users\User\Desktop\Prime Control\Prime Hero Academy_Turma 2\Modulo_2\PRIMEEXPERTS_18_10_21\prime_experts_18_10_21\tests\exercicio_forif.robot' on line 1: Unrecognized section header '***'. Valid sections: 'Settings', 'Variables', 'Test Cases', 'Tasks', 'Keywords' and 'Comments'.</msg>
</errors>
</robot>
