<?xml version="1.0" encoding="UTF-8"?>
<robot generator="Robot 4.1.2 (Python 3.7.0 on win32)" generated="20211021 23:21:27.199" rpa="false" schemaversion="2">
<suite id="s1" name="Tests" source="C:\Users\User\Desktop\Prime Control\Prime Hero Academy_Turma 2\Modulo_2\PRIMEEXPERTS_18_10_21\prime_experts_18_10_21\tests">
<suite id="s1-s1" name="Exercicio For" source="C:\Users\User\Desktop\Prime Control\Prime Hero Academy_Turma 2\Modulo_2\PRIMEEXPERTS_18_10_21\prime_experts_18_10_21\tests\exercicio_for.robot">
<test id="s1-s1-t1" name="Percorrer itens de uma lista">
<kw name="mostrando os paises" library="resource">
<arg>@{PAISES}</arg>
<doc>percorrendo uma lista de paises</doc>
<msg timestamp="20211021 23:21:27.266" level="TRACE">Arguments: [ @{List_paises}=['Brasil EUA Franca Inglaterra Portugal'] ]</msg>
<for flavor="IN">
<var>${pais}</var>
<value>@{List_paises}</value>
<iter>
<var name="${pais}">Brasil EUA Franca Inglaterra Portugal</var>
<kw name="Log To Console" library="BuiltIn">
<arg>\nPais: ${pais}</arg>
<doc>Logs the given message to the console.</doc>
<msg timestamp="20211021 23:21:27.267" level="TRACE">Arguments: [ '\nPais: Brasil EUA Franca Inglaterra Portugal' ]</msg>
<msg timestamp="20211021 23:21:27.268" level="TRACE">Return: None</msg>
<status status="PASS" starttime="20211021 23:21:27.267" endtime="20211021 23:21:27.268"/>
</kw>
<status status="PASS" starttime="20211021 23:21:27.267" endtime="20211021 23:21:27.268"/>
</iter>
<status status="PASS" starttime="20211021 23:21:27.267" endtime="20211021 23:21:27.268"/>
</for>
<msg timestamp="20211021 23:21:27.268" level="TRACE">Return: None</msg>
<status status="PASS" starttime="20211021 23:21:27.266" endtime="20211021 23:21:27.268"/>
</kw>
<doc>imprimir lista de paises um por um</doc>
<tag>imprimir_paises</tag>
<status status="PASS" starttime="20211021 23:21:27.265" endtime="20211021 23:21:27.269"/>
</test>
<status status="PASS" starttime="20211021 23:21:27.244" endtime="20211021 23:21:27.272"/>
</suite>
<status status="PASS" starttime="20211021 23:21:27.203" endtime="20211021 23:21:27.275"/>
</suite>
<statistics>
<total>
<stat pass="1" fail="0" skip="0">All Tests</stat>
</total>
<tag>
<stat pass="1" fail="0" skip="0">imprimir_paises</stat>
</tag>
<suite>
<stat pass="1" fail="0" skip="0" id="s1" name="Tests">Tests</stat>
<stat pass="1" fail="0" skip="0" id="s1-s1" name="Exercicio For">Tests.Exercicio For</stat>
</suite>
</statistics>
<errors>
</errors>
</robot>
