<?xml version="1.0" encoding="UTF-8"?>
<robot generator="Robot 4.1.2 (Python 3.7.0 on win32)" generated="20211021 20:24:25.794" rpa="false" schemaversion="2">
<suite id="s1" name="Tests" source="C:\Users\User\Desktop\Prime Control\Prime Hero Academy_Turma 2\Modulo_2\PRIMEEXPERTS_18_10_21\prime_experts_18_10_21\tests">
<suite id="s1-s1" name="Exercicio For" source="C:\Users\User\Desktop\Prime Control\Prime Hero Academy_Turma 2\Modulo_2\PRIMEEXPERTS_18_10_21\prime_experts_18_10_21\tests\exercicio_for.robot">
<test id="s1-s1-t1" name="Percorrer itens de uma lista">
<kw name="mostrando os paises" library="resource">
<arg>@{PAISES}</arg>
<doc>percorrendo uma lista de paises</doc>
<msg timestamp="20211021 20:24:25.868" level="TRACE">Arguments: [ @{List_paises}=['Brasil EUA Franca Inglaterra Portugal'] ]</msg>
<for flavor="IN">
<var>${pais}</var>
<value>@{List_paises}</value>
<iter>
<var name="${pais}">Brasil EUA Franca Inglaterra Portugal</var>
<kw name="Log To Console" library="BuiltIn">
<arg>\nPais: ${pais}</arg>
<doc>Logs the given message to the console.</doc>
<msg timestamp="20211021 20:24:25.869" level="TRACE">Arguments: [ '\nPais: Brasil EUA Franca Inglaterra Portugal' ]</msg>
<msg timestamp="20211021 20:24:25.870" level="TRACE">Return: None</msg>
<status status="PASS" starttime="20211021 20:24:25.869" endtime="20211021 20:24:25.870"/>
</kw>
<status status="PASS" starttime="20211021 20:24:25.869" endtime="20211021 20:24:25.870"/>
</iter>
<status status="PASS" starttime="20211021 20:24:25.869" endtime="20211021 20:24:25.870"/>
</for>
<msg timestamp="20211021 20:24:25.870" level="TRACE">Return: None</msg>
<status status="PASS" starttime="20211021 20:24:25.867" endtime="20211021 20:24:25.870"/>
</kw>
<doc>imprimir lista de paises um por um</doc>
<tag>imprimir_paises</tag>
<status status="PASS" starttime="20211021 20:24:25.866" endtime="20211021 20:24:25.871"/>
</test>
<status status="PASS" starttime="20211021 20:24:25.841" endtime="20211021 20:24:25.872"/>
</suite>
<status status="PASS" starttime="20211021 20:24:25.799" endtime="20211021 20:24:25.875"/>
</suite>
<statistics>
<total>
<stat pass="1" fail="0" skip="0">All Tests</stat>
</total>
<tag>
<stat pass="1" fail="0" skip="0">imprimir_paises</stat>
</tag>
<suite>
<stat pass="1" fail="0" skip="0" id="s1" name="Tests">Tests</stat>
<stat pass="1" fail="0" skip="0" id="s1-s1" name="Exercicio For">Tests.Exercicio For</stat>
</suite>
</statistics>
<errors>
<msg timestamp="20211021 20:24:25.771" level="ERROR">Error in file 'C:\Users\User\Desktop\Prime Control\Prime Hero Academy_Turma 2\Modulo_2\PRIMEEXPERTS_18_10_21\prime_experts_18_10_21\tests\exercicio_forif.robot' on line 1: Unrecognized section header '***'. Valid sections: 'Settings', 'Variables', 'Test Cases', 'Tasks', 'Keywords' and 'Comments'.</msg>
</errors>
</robot>
