<?xml version="1.0" encoding="UTF-8"?>
<robot generator="Robot 4.1.2 (Python 3.7.0 on win32)" generated="20211025 21:34:24.631" rpa="false" schemaversion="2">
<suite id="s1" name="Tests" source="C:\Users\User\Desktop\Prime Control\Prime Hero Academy_Turma 2\Modulo_2\PRIMEEXPERTS_18_10_21\prime_experts_18_10_21\tests">
<suite id="s1-s1" name="Web Testes 3" source="C:\Users\User\Desktop\Prime Control\Prime Hero Academy_Turma 2\Modulo_2\PRIMEEXPERTS_18_10_21\prime_experts_18_10_21\tests\web_testes_3.robot">
<kw name="Abrir o navegador" library="resource" type="SETUP">
<msg timestamp="20211025 21:34:24.994" level="TRACE">Arguments: [  ]</msg>
<kw name="Open Browser" library="SeleniumLibrary">
<arg>browser=Chrome</arg>
<doc>Opens a new browser instance to the optional ``url``.</doc>
<msg timestamp="20211025 21:34:24.995" level="TRACE">Arguments: [ browser='Chrome' ]</msg>
<msg timestamp="20211025 21:34:24.995" level="INFO">Opening browser 'Chrome' to base url 'None'.</msg>
<msg timestamp="20211025 21:34:25.590" level="DEBUG">POST http://127.0.0.1:60605/session {"capabilities": {"firstMatch": [{}], "alwaysMatch": {"browserName": "chrome", "platformName": "any", "goog:chromeOptions": {"extensions": [], "args": []}}}, "desiredCapabilities": {"browserName": "chrome", "version": "", "platform": "ANY", "goog:chromeOptions": {"extensions": [], "args": []}}}</msg>
<msg timestamp="20211025 21:34:25.590" level="DEBUG">Starting new HTTP connection (1): 127.0.0.1:60605</msg>
<msg timestamp="20211025 21:34:26.483" level="DEBUG">http://127.0.0.1:60605 "POST /session HTTP/1.1" 200 787</msg>
<msg timestamp="20211025 21:34:26.483" level="DEBUG">Finished Request</msg>
<msg timestamp="20211025 21:34:26.483" level="DEBUG">POST http://127.0.0.1:60605/session/8c182987b3e4a533b0df5813276be6ff/timeouts {"script": 5000}</msg>
<msg timestamp="20211025 21:34:26.484" level="DEBUG">http://127.0.0.1:60605 "POST /session/8c182987b3e4a533b0df5813276be6ff/timeouts HTTP/1.1" 200 14</msg>
<msg timestamp="20211025 21:34:26.485" level="DEBUG">Finished Request</msg>
<msg timestamp="20211025 21:34:26.485" level="DEBUG">POST http://127.0.0.1:60605/session/8c182987b3e4a533b0df5813276be6ff/timeouts {"implicit": 0}</msg>
<msg timestamp="20211025 21:34:26.486" level="DEBUG">http://127.0.0.1:60605 "POST /session/8c182987b3e4a533b0df5813276be6ff/timeouts HTTP/1.1" 200 14</msg>
<msg timestamp="20211025 21:34:26.486" level="DEBUG">Finished Request</msg>
<msg timestamp="20211025 21:34:26.486" level="DEBUG">Opened browser with session id 8c182987b3e4a533b0df5813276be6ff.</msg>
<msg timestamp="20211025 21:34:26.486" level="TRACE">Return: 1</msg>
<status status="PASS" starttime="20211025 21:34:24.994" endtime="20211025 21:34:26.486"/>
</kw>
<msg timestamp="20211025 21:34:26.486" level="TRACE">Return: None</msg>
<status status="PASS" starttime="20211025 21:34:24.994" endtime="20211025 21:34:26.486"/>
</kw>
<test id="s1-s1-t1" name="Caso de Teste 03: Listar Produtos">
<kw name="Acessar a página home do site" library="resource">
<msg timestamp="20211025 21:34:26.487" level="TRACE">Arguments: [  ]</msg>
<kw name="Go To" library="SeleniumLibrary">
<arg>${URL}</arg>
<doc>Navigates the current browser window to the provided ``url``.</doc>
<msg timestamp="20211025 21:34:26.488" level="TRACE">Arguments: [ 'http://automationpractice.com' ]</msg>
<msg timestamp="20211025 21:34:26.488" level="INFO">Opening url 'http://automationpractice.com'</msg>
<msg timestamp="20211025 21:34:26.488" level="DEBUG">POST http://127.0.0.1:60605/session/8c182987b3e4a533b0df5813276be6ff/url {"url": "http://automationpractice.com"}</msg>
<msg timestamp="20211025 21:34:32.007" level="DEBUG">http://127.0.0.1:60605 "POST /session/8c182987b3e4a533b0df5813276be6ff/url HTTP/1.1" 200 14</msg>
<msg timestamp="20211025 21:34:32.008" level="DEBUG">Finished Request</msg>
<msg timestamp="20211025 21:34:32.008" level="TRACE">Return: None</msg>
<status status="PASS" starttime="20211025 21:34:26.487" endtime="20211025 21:34:32.009"/>
</kw>
<msg timestamp="20211025 21:34:32.009" level="TRACE">Return: None</msg>
<status status="PASS" starttime="20211025 21:34:26.487" endtime="20211025 21:34:32.010"/>
</kw>
<kw name="Passar o mouse por cima da categoria &quot;Women&quot; no menu principal superior de categorias" library="resource">
<msg timestamp="20211025 21:34:32.012" level="TRACE">Arguments: [  ]</msg>
<kw name="Wait Until Element Is Visible" library="SeleniumLibrary">
<arg>${botao_women}</arg>
<doc>Waits until the element ``locator`` is visible.</doc>
<msg timestamp="20211025 21:34:32.016" level="TRACE">Arguments: [ '//a[@class="sfHoverForce" and @title="Women"]' ]</msg>
<msg timestamp="20211025 21:34:32.017" level="DEBUG">POST http://127.0.0.1:60605/session/8c182987b3e4a533b0df5813276be6ff/elements {"using": "xpath", "value": "//a[@class=\"sfHoverForce\" and @title=\"Women\"]"}</msg>
<msg timestamp="20211025 21:34:32.053" level="DEBUG">http://127.0.0.1:60605 "POST /session/8c182987b3e4a533b0df5813276be6ff/elements HTTP/1.1" 200 12</msg>
<msg timestamp="20211025 21:34:32.053" level="DEBUG">Finished Request</msg>
<msg timestamp="20211025 21:34:32.256" level="DEBUG">POST http://127.0.0.1:60605/session/8c182987b3e4a533b0df5813276be6ff/elements {"using": "xpath", "value": "//a[@class=\"sfHoverForce\" and @title=\"Women\"]"}</msg>
<msg timestamp="20211025 21:34:32.301" level="DEBUG">http://127.0.0.1:60605 "POST /session/8c182987b3e4a533b0df5813276be6ff/elements HTTP/1.1" 200 12</msg>
<msg timestamp="20211025 21:34:32.302" level="DEBUG">Finished Request</msg>
<msg timestamp="20211025 21:34:32.505" level="DEBUG">POST http://127.0.0.1:60605/session/8c182987b3e4a533b0df5813276be6ff/elements {"using": "xpath", "value": "//a[@class=\"sfHoverForce\" and @title=\"Women\"]"}</msg>
<msg timestamp="20211025 21:34:32.529" level="DEBUG">http://127.0.0.1:60605 "POST /session/8c182987b3e4a533b0df5813276be6ff/elements HTTP/1.1" 200 12</msg>
<msg timestamp="20211025 21:34:32.530" level="DEBUG">Finished Request</msg>
<msg timestamp="20211025 21:34:32.740" level="DEBUG">POST http://127.0.0.1:60605/session/8c182987b3e4a533b0df5813276be6ff/elements {"using": "xpath", "value": "//a[@class=\"sfHoverForce\" and @title=\"Women\"]"}</msg>
<msg timestamp="20211025 21:34:32.786" level="DEBUG">http://127.0.0.1:60605 "POST /session/8c182987b3e4a533b0df5813276be6ff/elements HTTP/1.1" 200 12</msg>
<msg timestamp="20211025 21:34:32.786" level="DEBUG">Finished Request</msg>
<msg timestamp="20211025 21:34:32.989" level="DEBUG">POST http://127.0.0.1:60605/session/8c182987b3e4a533b0df5813276be6ff/elements {"using": "xpath", "value": "//a[@class=\"sfHoverForce\" and @title=\"Women\"]"}</msg>
<msg timestamp="20211025 21:34:33.011" level="DEBUG">http://127.0.0.1:60605 "POST /session/8c182987b3e4a533b0df5813276be6ff/elements HTTP/1.1" 200 12</msg>
<msg timestamp="20211025 21:34:33.012" level="DEBUG">Finished Request</msg>
<msg timestamp="20211025 21:34:33.223" level="DEBUG">POST http://127.0.0.1:60605/session/8c182987b3e4a533b0df5813276be6ff/elements {"using": "xpath", "value": "//a[@class=\"sfHoverForce\" and @title=\"Women\"]"}</msg>
<msg timestamp="20211025 21:34:33.242" level="DEBUG">http://127.0.0.1:60605 "POST /session/8c182987b3e4a533b0df5813276be6ff/elements HTTP/1.1" 200 12</msg>
<msg timestamp="20211025 21:34:33.243" level="DEBUG">Finished Request</msg>
<msg timestamp="20211025 21:34:33.456" level="DEBUG">POST http://127.0.0.1:60605/session/8c182987b3e4a533b0df5813276be6ff/elements {"using": "xpath", "value": "//a[@class=\"sfHoverForce\" and @title=\"Women\"]"}</msg>
<msg timestamp="20211025 21:34:33.475" level="DEBUG">http://127.0.0.1:60605 "POST /session/8c182987b3e4a533b0df5813276be6ff/elements HTTP/1.1" 200 12</msg>
<msg timestamp="20211025 21:34:33.476" level="DEBUG">Finished Request</msg>
<msg timestamp="20211025 21:34:33.691" level="DEBUG">POST http://127.0.0.1:60605/session/8c182987b3e4a533b0df5813276be6ff/elements {"using": "xpath", "value": "//a[@class=\"sfHoverForce\" and @title=\"Women\"]"}</msg>
<msg timestamp="20211025 21:34:33.696" level="DEBUG">http://127.0.0.1:60605 "POST /session/8c182987b3e4a533b0df5813276be6ff/elements HTTP/1.1" 200 12</msg>
<msg timestamp="20211025 21:34:33.697" level="DEBUG">Finished Request</msg>
<msg timestamp="20211025 21:34:33.910" level="DEBUG">POST http://127.0.0.1:60605/session/8c182987b3e4a533b0df5813276be6ff/elements {"using": "xpath", "value": "//a[@class=\"sfHoverForce\" and @title=\"Women\"]"}</msg>
<msg timestamp="20211025 21:34:33.915" level="DEBUG">http://127.0.0.1:60605 "POST /session/8c182987b3e4a533b0df5813276be6ff/elements HTTP/1.1" 200 12</msg>
<msg timestamp="20211025 21:34:33.916" level="DEBUG">Finished Request</msg>
<msg timestamp="20211025 21:34:34.130" level="DEBUG">POST http://127.0.0.1:60605/session/8c182987b3e4a533b0df5813276be6ff/elements {"using": "xpath", "value": "//a[@class=\"sfHoverForce\" and @title=\"Women\"]"}</msg>
<msg timestamp="20211025 21:34:34.139" level="DEBUG">http://127.0.0.1:60605 "POST /session/8c182987b3e4a533b0df5813276be6ff/elements HTTP/1.1" 200 12</msg>
<msg timestamp="20211025 21:34:34.139" level="DEBUG">Finished Request</msg>
<msg timestamp="20211025 21:34:34.352" level="DEBUG">POST http://127.0.0.1:60605/session/8c182987b3e4a533b0df5813276be6ff/elements {"using": "xpath", "value": "//a[@class=\"sfHoverForce\" and @title=\"Women\"]"}</msg>
<msg timestamp="20211025 21:34:34.359" level="DEBUG">http://127.0.0.1:60605 "POST /session/8c182987b3e4a533b0df5813276be6ff/elements HTTP/1.1" 200 12</msg>
<msg timestamp="20211025 21:34:34.359" level="DEBUG">Finished Request</msg>
<msg timestamp="20211025 21:34:34.571" level="DEBUG">POST http://127.0.0.1:60605/session/8c182987b3e4a533b0df5813276be6ff/elements {"using": "xpath", "value": "//a[@class=\"sfHoverForce\" and @title=\"Women\"]"}</msg>
<msg timestamp="20211025 21:34:34.580" level="DEBUG">http://127.0.0.1:60605 "POST /session/8c182987b3e4a533b0df5813276be6ff/elements HTTP/1.1" 200 12</msg>
<msg timestamp="20211025 21:34:34.580" level="DEBUG">Finished Request</msg>
<msg timestamp="20211025 21:34:34.792" level="DEBUG">POST http://127.0.0.1:60605/session/8c182987b3e4a533b0df5813276be6ff/elements {"using": "xpath", "value": "//a[@class=\"sfHoverForce\" and @title=\"Women\"]"}</msg>
<msg timestamp="20211025 21:34:34.800" level="DEBUG">http://127.0.0.1:60605 "POST /session/8c182987b3e4a533b0df5813276be6ff/elements HTTP/1.1" 200 12</msg>
<msg timestamp="20211025 21:34:34.800" level="DEBUG">Finished Request</msg>
<msg timestamp="20211025 21:34:35.013" level="DEBUG">POST http://127.0.0.1:60605/session/8c182987b3e4a533b0df5813276be6ff/elements {"using": "xpath", "value": "//a[@class=\"sfHoverForce\" and @title=\"Women\"]"}</msg>
<msg timestamp="20211025 21:34:35.021" level="DEBUG">http://127.0.0.1:60605 "POST /session/8c182987b3e4a533b0df5813276be6ff/elements HTTP/1.1" 200 12</msg>
<msg timestamp="20211025 21:34:35.021" level="DEBUG">Finished Request</msg>
<msg timestamp="20211025 21:34:35.234" level="DEBUG">POST http://127.0.0.1:60605/session/8c182987b3e4a533b0df5813276be6ff/elements {"using": "xpath", "value": "//a[@class=\"sfHoverForce\" and @title=\"Women\"]"}</msg>
<msg timestamp="20211025 21:34:35.242" level="DEBUG">http://127.0.0.1:60605 "POST /session/8c182987b3e4a533b0df5813276be6ff/elements HTTP/1.1" 200 12</msg>
<msg timestamp="20211025 21:34:35.242" level="DEBUG">Finished Request</msg>
<msg timestamp="20211025 21:34:35.455" level="DEBUG">POST http://127.0.0.1:60605/session/8c182987b3e4a533b0df5813276be6ff/elements {"using": "xpath", "value": "//a[@class=\"sfHoverForce\" and @title=\"Women\"]"}</msg>
<msg timestamp="20211025 21:34:35.462" level="DEBUG">http://127.0.0.1:60605 "POST /session/8c182987b3e4a533b0df5813276be6ff/elements HTTP/1.1" 200 12</msg>
<msg timestamp="20211025 21:34:35.462" level="DEBUG">Finished Request</msg>
<msg timestamp="20211025 21:34:35.678" level="DEBUG">POST http://127.0.0.1:60605/session/8c182987b3e4a533b0df5813276be6ff/elements {"using": "xpath", "value": "//a[@class=\"sfHoverForce\" and @title=\"Women\"]"}</msg>
<msg timestamp="20211025 21:34:35.685" level="DEBUG">http://127.0.0.1:60605 "POST /session/8c182987b3e4a533b0df5813276be6ff/elements HTTP/1.1" 200 12</msg>
<msg timestamp="20211025 21:34:35.685" level="DEBUG">Finished Request</msg>
<msg timestamp="20211025 21:34:35.900" level="DEBUG">POST http://127.0.0.1:60605/session/8c182987b3e4a533b0df5813276be6ff/elements {"using": "xpath", "value": "//a[@class=\"sfHoverForce\" and @title=\"Women\"]"}</msg>
<msg timestamp="20211025 21:34:35.907" level="DEBUG">http://127.0.0.1:60605 "POST /session/8c182987b3e4a533b0df5813276be6ff/elements HTTP/1.1" 200 12</msg>
<msg timestamp="20211025 21:34:35.907" level="DEBUG">Finished Request</msg>
<msg timestamp="20211025 21:34:36.122" level="DEBUG">POST http://127.0.0.1:60605/session/8c182987b3e4a533b0df5813276be6ff/elements {"using": "xpath", "value": "//a[@class=\"sfHoverForce\" and @title=\"Women\"]"}</msg>
<msg timestamp="20211025 21:34:36.129" level="DEBUG">http://127.0.0.1:60605 "POST /session/8c182987b3e4a533b0df5813276be6ff/elements HTTP/1.1" 200 12</msg>
<msg timestamp="20211025 21:34:36.129" level="DEBUG">Finished Request</msg>
<msg timestamp="20211025 21:34:36.340" level="DEBUG">POST http://127.0.0.1:60605/session/8c182987b3e4a533b0df5813276be6ff/elements {"using": "xpath", "value": "//a[@class=\"sfHoverForce\" and @title=\"Women\"]"}</msg>
<msg timestamp="20211025 21:34:36.346" level="DEBUG">http://127.0.0.1:60605 "POST /session/8c182987b3e4a533b0df5813276be6ff/elements HTTP/1.1" 200 12</msg>
<msg timestamp="20211025 21:34:36.346" level="DEBUG">Finished Request</msg>
<msg timestamp="20211025 21:34:36.547" level="DEBUG">POST http://127.0.0.1:60605/session/8c182987b3e4a533b0df5813276be6ff/elements {"using": "xpath", "value": "//a[@class=\"sfHoverForce\" and @title=\"Women\"]"}</msg>
<msg timestamp="20211025 21:34:36.554" level="DEBUG">http://127.0.0.1:60605 "POST /session/8c182987b3e4a533b0df5813276be6ff/elements HTTP/1.1" 200 12</msg>
<msg timestamp="20211025 21:34:36.554" level="DEBUG">Finished Request</msg>
<msg timestamp="20211025 21:34:36.769" level="DEBUG">POST http://127.0.0.1:60605/session/8c182987b3e4a533b0df5813276be6ff/elements {"using": "xpath", "value": "//a[@class=\"sfHoverForce\" and @title=\"Women\"]"}</msg>
<msg timestamp="20211025 21:34:36.776" level="DEBUG">http://127.0.0.1:60605 "POST /session/8c182987b3e4a533b0df5813276be6ff/elements HTTP/1.1" 200 12</msg>
<msg timestamp="20211025 21:34:36.776" level="DEBUG">Finished Request</msg>
<msg timestamp="20211025 21:34:36.992" level="DEBUG">POST http://127.0.0.1:60605/session/8c182987b3e4a533b0df5813276be6ff/elements {"using": "xpath", "value": "//a[@class=\"sfHoverForce\" and @title=\"Women\"]"}</msg>
<msg timestamp="20211025 21:34:36.999" level="DEBUG">http://127.0.0.1:60605 "POST /session/8c182987b3e4a533b0df5813276be6ff/elements HTTP/1.1" 200 12</msg>
<msg timestamp="20211025 21:34:36.999" level="DEBUG">Finished Request</msg>
<kw name="Capture Page Screenshot" library="SeleniumLibrary">
<doc>Takes a screenshot of the current page and embeds it into a log file.</doc>
<msg timestamp="20211025 21:34:37.213" level="TRACE">Arguments: [  ]</msg>
<msg timestamp="20211025 21:34:37.219" level="DEBUG">GET http://127.0.0.1:60605/session/8c182987b3e4a533b0df5813276be6ff/screenshot {}</msg>
<msg timestamp="20211025 21:34:37.631" level="DEBUG">http://127.0.0.1:60605 "GET /session/8c182987b3e4a533b0df5813276be6ff/screenshot HTTP/1.1" 200 1229808</msg>
<msg timestamp="20211025 21:34:37.636" level="DEBUG">Finished Request</msg>
<msg timestamp="20211025 21:34:37.644" level="INFO" html="true">&lt;/td&gt;&lt;/tr&gt;&lt;tr&gt;&lt;td colspan="3"&gt;&lt;a href="selenium-screenshot-19.png"&gt;&lt;img src="selenium-screenshot-19.png" width="800px"&gt;&lt;/a&gt;</msg>
<msg timestamp="20211025 21:34:37.644" level="TRACE">Return: 'C:\\Users\\User\\Desktop\\Prime Control\\Prime Hero Academy_Turma 2\\Modulo_2\\PRIMEEXPERTS_18_10_21\\prime_experts_18_10_21\\exercicios_web\\result\\selenium-screenshot-19.png'</msg>
<status status="PASS" starttime="20211025 21:34:37.213" endtime="20211025 21:34:37.644"/>
</kw>
<msg timestamp="20211025 21:34:37.649" level="FAIL">Element '//a[@class="sfHoverForce" and @title="Women"]' not visible after 5 seconds.</msg>
<msg timestamp="20211025 21:34:37.649" level="DEBUG">Traceback (most recent call last):
  File "c:\users\user\appdata\local\programs\python\python37\lib\site-packages\SeleniumLibrary\__init__.py", line 492, in run_keyword
    return DynamicCore.run_keyword(self, name, args, kwargs)
  File "c:\users\user\appdata\local\programs\python\python37\lib\site-packages\robotlibcore.py", line 94, in run_keyword
    return self.keywords[name](*args, **(kwargs or {}))
  File "c:\users\user\appdata\local\programs\python\python37\lib\site-packages\SeleniumLibrary\keywords\waiting.py", line 318, in wait_until_element_is_visible
    error,
  File "c:\users\user\appdata\local\programs\python\python37\lib\site-packages\SeleniumLibrary\keywords\waiting.py", line 426, in _wait_until
    self._wait_until_worker(condition, timeout, error)
  File "c:\users\user\appdata\local\programs\python\python37\lib\site-packages\SeleniumLibrary\keywords\waiting.py", line 443, in _wait_until_worker
    raise AssertionError(not_found or error)</msg>
<status status="FAIL" starttime="20211025 21:34:32.013" endtime="20211025 21:34:37.649"/>
</kw>
<kw name="Click Button" library="SeleniumLibrary">
<arg>${botao_women}</arg>
<doc>Clicks the button identified by ``locator``.</doc>
<status status="NOT RUN" starttime="20211025 21:34:37.649" endtime="20211025 21:34:37.649"/>
</kw>
<status status="FAIL" starttime="20211025 21:34:32.011" endtime="20211025 21:34:37.649"/>
</kw>
<kw name="Clicar na sub categoria &quot;Summer Dresses&quot;" library="resource">
<status status="NOT RUN" starttime="20211025 21:34:37.649" endtime="20211025 21:34:37.649"/>
</kw>
<kw name="Conferir se os produtos da sub-categoria &quot;Summer Dresses&quot; foram mostrados na página" library="resource">
<status status="NOT RUN" starttime="20211025 21:34:37.650" endtime="20211025 21:34:37.650"/>
</kw>
<tag>web_test_3</tag>
<status status="FAIL" starttime="20211025 21:34:26.486" endtime="20211025 21:34:37.650">Element '//a[@class="sfHoverForce" and @title="Women"]' not visible after 5 seconds.</status>
</test>
<kw name="Fechar o navegador" library="resource" type="TEARDOWN">
<msg timestamp="20211025 21:34:37.653" level="TRACE">Arguments: [  ]</msg>
<kw name="Close Browser" library="SeleniumLibrary">
<doc>Closes the current browser.</doc>
<msg timestamp="20211025 21:34:37.653" level="TRACE">Arguments: [  ]</msg>
<msg timestamp="20211025 21:34:37.653" level="DEBUG">Closing browser with session id 8c182987b3e4a533b0df5813276be6ff.</msg>
<msg timestamp="20211025 21:34:37.653" level="DEBUG">DELETE http://127.0.0.1:60605/session/8c182987b3e4a533b0df5813276be6ff {}</msg>
<msg timestamp="20211025 21:34:37.721" level="DEBUG">http://127.0.0.1:60605 "DELETE /session/8c182987b3e4a533b0df5813276be6ff HTTP/1.1" 200 14</msg>
<msg timestamp="20211025 21:34:37.721" level="DEBUG">Finished Request</msg>
<msg timestamp="20211025 21:34:39.854" level="TRACE">Return: None</msg>
<status status="PASS" starttime="20211025 21:34:37.653" endtime="20211025 21:34:39.855"/>
</kw>
<msg timestamp="20211025 21:34:39.855" level="TRACE">Return: None</msg>
<status status="PASS" starttime="20211025 21:34:37.652" endtime="20211025 21:34:39.855"/>
</kw>
<doc>teste case web</doc>
<status status="FAIL" starttime="20211025 21:34:24.669" endtime="20211025 21:34:39.856"/>
</suite>
<status status="FAIL" starttime="20211025 21:34:24.635" endtime="20211025 21:34:39.866"/>
</suite>
<statistics>
<total>
<stat pass="0" fail="1" skip="0">All Tests</stat>
</total>
<tag>
<stat pass="0" fail="1" skip="0">web_test_3</stat>
</tag>
<suite>
<stat pass="0" fail="1" skip="0" id="s1" name="Tests">Tests</stat>
<stat pass="0" fail="1" skip="0" id="s1-s1" name="Web Testes 3">Tests.Web Testes 3</stat>
</suite>
</statistics>
<errors>
</errors>
</robot>
