<?xml version="1.0" encoding="UTF-8"?>
<robot generator="Robot 4.1.2 (Python 3.7.0 on win32)" generated="20211025 22:22:46.778" rpa="false" schemaversion="2">
<suite id="s1" name="Tests" source="C:\Users\User\Desktop\Prime Control\Prime Hero Academy_Turma 2\Modulo_2\PRIMEEXPERTS_18_10_21\prime_experts_18_10_21\tests">
<suite id="s1-s1" name="Web Testes 2" source="C:\Users\User\Desktop\Prime Control\Prime Hero Academy_Turma 2\Modulo_2\PRIMEEXPERTS_18_10_21\prime_experts_18_10_21\tests\web_testes_2.robot">
<kw name="Abrir o navegador" library="resource" type="SETUP">
<msg timestamp="20211025 22:22:47.160" level="TRACE">Arguments: [  ]</msg>
<kw name="Open Browser" library="SeleniumLibrary">
<arg>browser=Chrome</arg>
<doc>Opens a new browser instance to the optional ``url``.</doc>
<msg timestamp="20211025 22:22:47.160" level="TRACE">Arguments: [ browser='Chrome' ]</msg>
<msg timestamp="20211025 22:22:47.160" level="INFO">Opening browser 'Chrome' to base url 'None'.</msg>
<msg timestamp="20211025 22:22:47.762" level="DEBUG">POST http://127.0.0.1:54786/session {"capabilities": {"firstMatch": [{}], "alwaysMatch": {"browserName": "chrome", "platformName": "any", "goog:chromeOptions": {"extensions": [], "args": []}}}, "desiredCapabilities": {"browserName": "chrome", "version": "", "platform": "ANY", "goog:chromeOptions": {"extensions": [], "args": []}}}</msg>
<msg timestamp="20211025 22:22:47.763" level="DEBUG">Starting new HTTP connection (1): 127.0.0.1:54786</msg>
<msg timestamp="20211025 22:22:48.728" level="DEBUG">http://127.0.0.1:54786 "POST /session HTTP/1.1" 200 784</msg>
<msg timestamp="20211025 22:22:48.728" level="DEBUG">Finished Request</msg>
<msg timestamp="20211025 22:22:48.729" level="DEBUG">POST http://127.0.0.1:54786/session/f5e965328dd9b0144beaae6b7e221043/timeouts {"script": 5000}</msg>
<msg timestamp="20211025 22:22:48.731" level="DEBUG">http://127.0.0.1:54786 "POST /session/f5e965328dd9b0144beaae6b7e221043/timeouts HTTP/1.1" 200 14</msg>
<msg timestamp="20211025 22:22:48.731" level="DEBUG">Finished Request</msg>
<msg timestamp="20211025 22:22:48.731" level="DEBUG">POST http://127.0.0.1:54786/session/f5e965328dd9b0144beaae6b7e221043/timeouts {"implicit": 0}</msg>
<msg timestamp="20211025 22:22:48.733" level="DEBUG">http://127.0.0.1:54786 "POST /session/f5e965328dd9b0144beaae6b7e221043/timeouts HTTP/1.1" 200 14</msg>
<msg timestamp="20211025 22:22:48.733" level="DEBUG">Finished Request</msg>
<msg timestamp="20211025 22:22:48.733" level="DEBUG">Opened browser with session id f5e965328dd9b0144beaae6b7e221043.</msg>
<msg timestamp="20211025 22:22:48.733" level="TRACE">Return: 1</msg>
<status status="PASS" starttime="20211025 22:22:47.160" endtime="20211025 22:22:48.733"/>
</kw>
<msg timestamp="20211025 22:22:48.733" level="TRACE">Return: None</msg>
<status status="PASS" starttime="20211025 22:22:47.160" endtime="20211025 22:22:48.733"/>
</kw>
<test id="s1-s1-t1" name="Caso de Teste 02: Pesquisar produto não existente">
<kw name="Acessar a página home do site Automation Practice" library="resource">
<msg timestamp="20211025 22:22:48.735" level="TRACE">Arguments: [  ]</msg>
<kw name="Go To" library="SeleniumLibrary">
<arg>${URL}</arg>
<doc>Navigates the current browser window to the provided ``url``.</doc>
<msg timestamp="20211025 22:22:48.735" level="TRACE">Arguments: [ 'http://automationpractice.com' ]</msg>
<msg timestamp="20211025 22:22:48.736" level="INFO">Opening url 'http://automationpractice.com'</msg>
<msg timestamp="20211025 22:22:48.736" level="DEBUG">POST http://127.0.0.1:54786/session/f5e965328dd9b0144beaae6b7e221043/url {"url": "http://automationpractice.com"}</msg>
<msg timestamp="20211025 22:22:54.045" level="DEBUG">http://127.0.0.1:54786 "POST /session/f5e965328dd9b0144beaae6b7e221043/url HTTP/1.1" 200 14</msg>
<msg timestamp="20211025 22:22:54.046" level="DEBUG">Finished Request</msg>
<msg timestamp="20211025 22:22:54.046" level="TRACE">Return: None</msg>
<status status="PASS" starttime="20211025 22:22:48.735" endtime="20211025 22:22:54.046"/>
</kw>
<msg timestamp="20211025 22:22:54.047" level="TRACE">Return: None</msg>
<status status="PASS" starttime="20211025 22:22:48.735" endtime="20211025 22:22:54.047"/>
</kw>
<kw name="Digitar o nome do produto &quot;itemNãoExistente&quot; no campo de pesquisa" library="resource">
<msg timestamp="20211025 22:22:54.050" level="TRACE">Arguments: [  ]</msg>
<kw name="Input Text" library="SeleniumLibrary">
<arg>${locators.search_bar}</arg>
<doc>Types the given ``text`` into the text field identified by ``locator``.</doc>
<msg timestamp="20211025 22:22:54.055" level="FAIL">Resolving variable '${locators.search_bar}' failed: AttributeError: search_bar</msg>
<status status="FAIL" starttime="20211025 22:22:54.050" endtime="20211025 22:22:54.055"/>
</kw>
<status status="FAIL" starttime="20211025 22:22:54.049" endtime="20211025 22:22:54.057"/>
</kw>
<kw name="Clicar no botão pesquisar" library="resource">
<status status="NOT RUN" starttime="20211025 22:22:54.059" endtime="20211025 22:22:54.060"/>
</kw>
<kw name="Conferir mensagem &quot;No results were found for your search &quot;itemNãoExistente&quot;" library="resource">
<status status="NOT RUN" starttime="20211025 22:22:54.063" endtime="20211025 22:22:54.063"/>
</kw>
<tag>web_test_2</tag>
<status status="FAIL" starttime="20211025 22:22:48.734" endtime="20211025 22:22:54.070">Resolving variable '${locators.search_bar}' failed: AttributeError: search_bar</status>
</test>
<kw name="Fechar o navegador" library="resource" type="TEARDOWN">
<msg timestamp="20211025 22:22:54.076" level="TRACE">Arguments: [  ]</msg>
<kw name="Close Browser" library="SeleniumLibrary">
<doc>Closes the current browser.</doc>
<msg timestamp="20211025 22:22:54.077" level="TRACE">Arguments: [  ]</msg>
<msg timestamp="20211025 22:22:54.077" level="DEBUG">Closing browser with session id f5e965328dd9b0144beaae6b7e221043.</msg>
<msg timestamp="20211025 22:22:54.077" level="DEBUG">DELETE http://127.0.0.1:54786/session/f5e965328dd9b0144beaae6b7e221043 {}</msg>
<msg timestamp="20211025 22:22:54.170" level="DEBUG">http://127.0.0.1:54786 "DELETE /session/f5e965328dd9b0144beaae6b7e221043 HTTP/1.1" 200 14</msg>
<msg timestamp="20211025 22:22:54.170" level="DEBUG">Finished Request</msg>
<msg timestamp="20211025 22:22:56.277" level="TRACE">Return: None</msg>
<status status="PASS" starttime="20211025 22:22:54.076" endtime="20211025 22:22:56.278"/>
</kw>
<msg timestamp="20211025 22:22:56.278" level="TRACE">Return: None</msg>
<status status="PASS" starttime="20211025 22:22:54.076" endtime="20211025 22:22:56.278"/>
</kw>
<doc>teste case web 2</doc>
<status status="FAIL" starttime="20211025 22:22:46.818" endtime="20211025 22:22:56.279"/>
</suite>
<status status="FAIL" starttime="20211025 22:22:46.781" endtime="20211025 22:22:56.290"/>
</suite>
<statistics>
<total>
<stat pass="0" fail="1" skip="0">All Tests</stat>
</total>
<tag>
<stat pass="0" fail="1" skip="0">web_test_2</stat>
</tag>
<suite>
<stat pass="0" fail="1" skip="0" id="s1" name="Tests">Tests</stat>
<stat pass="0" fail="1" skip="0" id="s1-s1" name="Web Testes 2">Tests.Web Testes 2</stat>
</suite>
</statistics>
<errors>
<msg timestamp="20211025 22:22:46.824" level="ERROR">Error in file 'C:\Users\User\Desktop\Prime Control\Prime Hero Academy_Turma 2\Modulo_2\PRIMEEXPERTS_18_10_21\prime_experts_18_10_21\exercicios_web_2\resource.robot' on line 8: Setting variable '' failed: Invalid variable name ''.</msg>
</errors>
</robot>
